[debug] [2025-08-28T20:25:59.253Z] ----------------------------------------------------------------------
[debug] [2025-08-28T20:25:59.257Z] Command:       /usr/local/Cellar/node/24.5.0/bin/node /usr/local/bin/firebase deploy
[debug] [2025-08-28T20:25:59.257Z] CLI Version:   14.12.0
[debug] [2025-08-28T20:25:59.258Z] Platform:      darwin
[debug] [2025-08-28T20:25:59.258Z] Node Version:  v24.5.0
[debug] [2025-08-28T20:25:59.258Z] Time:          Thu Aug 28 2025 22:25:59 GMT+0200 (Central European Summer Time)
[debug] [2025-08-28T20:25:59.258Z] ----------------------------------------------------------------------
[debug] 
[debug] [2025-08-28T20:25:59.261Z] >>> [apiv2][query] GET https://firebase-public.firebaseio.com/cli.json [none]
[debug] [2025-08-28T20:25:59.558Z] > command requires scopes: ["email","openid","https://www.googleapis.com/auth/cloudplatformprojects.readonly","https://www.googleapis.com/auth/firebase","https://www.googleapis.com/auth/cloud-platform"]
[debug] [2025-08-28T20:25:59.558Z] > authorizing via signed-in user (pruess.henrik@gmail.com)
[debug] [2025-08-28T20:25:59.559Z] [iam] checking project wotohe-b06a0 for permissions ["datastore.indexes.create","datastore.indexes.delete","datastore.indexes.list","datastore.indexes.update","firebase.projects.get",null]
[debug] [2025-08-28T20:25:59.559Z] Checked if tokens are valid: false, expires at: 1756234098498
[debug] [2025-08-28T20:25:59.559Z] Checked if tokens are valid: false, expires at: 1756234098498
[debug] [2025-08-28T20:25:59.560Z] > refreshing access token with scopes: []
[debug] [2025-08-28T20:25:59.561Z] >>> [apiv2][query] POST https://www.googleapis.com/oauth2/v3/token [none]
[debug] [2025-08-28T20:25:59.561Z] >>> [apiv2][body] POST https://www.googleapis.com/oauth2/v3/token [omitted]
[debug] [2025-08-28T20:25:59.841Z] <<< [apiv2][status] POST https://www.googleapis.com/oauth2/v3/token 200
[debug] [2025-08-28T20:25:59.841Z] <<< [apiv2][body] POST https://www.googleapis.com/oauth2/v3/token [omitted]
[debug] [2025-08-28T20:25:59.886Z] >>> [apiv2][query] POST https://cloudresourcemanager.googleapis.com/v1/projects/wotohe-b06a0:testIamPermissions [none]
[debug] [2025-08-28T20:25:59.886Z] >>> [apiv2][(partial)header] POST https://cloudresourcemanager.googleapis.com/v1/projects/wotohe-b06a0:testIamPermissions x-goog-quota-user=projects/wotohe-b06a0
[debug] [2025-08-28T20:25:59.886Z] >>> [apiv2][body] POST https://cloudresourcemanager.googleapis.com/v1/projects/wotohe-b06a0:testIamPermissions {"permissions":["datastore.indexes.create","datastore.indexes.delete","datastore.indexes.list","datastore.indexes.update","firebase.projects.get",null]}
[debug] [2025-08-28T20:25:59.962Z] <<< [apiv2][status] GET https://firebase-public.firebaseio.com/cli.json 200
[debug] [2025-08-28T20:25:59.962Z] <<< [apiv2][body] GET https://firebase-public.firebaseio.com/cli.json {"cloudBuildErrorAfter":1594252800000,"cloudBuildWarnAfter":1590019200000,"defaultNode10After":1594252800000,"minVersion":"3.0.5","node8DeploysDisabledAfter":1613390400000,"node8RuntimeDisabledAfter":1615809600000,"node8WarnAfter":1600128000000}
[debug] [2025-08-28T20:26:00.763Z] <<< [apiv2][status] POST https://cloudresourcemanager.googleapis.com/v1/projects/wotohe-b06a0:testIamPermissions 200
[debug] [2025-08-28T20:26:00.763Z] <<< [apiv2][body] POST https://cloudresourcemanager.googleapis.com/v1/projects/wotohe-b06a0:testIamPermissions {"permissions":["datastore.indexes.create","datastore.indexes.delete","datastore.indexes.list","datastore.indexes.update","firebase.projects.get"]}
[debug] [2025-08-28T20:26:00.763Z] [iam] error while checking permissions, command may fail: Authorization failed. This account is missing the following required permissions on project wotohe-b06a0:

  
[info] 
[info] === Deploying to 'wotohe-b06a0'...
[info] 
[info] i  deploying firestore, apphosting 
[info] i  firestore: reading indexes from firestore.indexes.json... 
[info] i  cloud.firestore: checking firestore.rules for compilation errors... 
[debug] [2025-08-28T20:26:00.767Z] Checked if tokens are valid: true, expires at: 1756416358841
[debug] [2025-08-28T20:26:00.767Z] Checked if tokens are valid: true, expires at: 1756416358841
[debug] [2025-08-28T20:26:00.767Z] >>> [apiv2][query] POST https://firebaserules.googleapis.com/v1/projects/wotohe-b06a0:test [none]
[debug] [2025-08-28T20:26:00.767Z] >>> [apiv2][body] POST https://firebaserules.googleapis.com/v1/projects/wotohe-b06a0:test [omitted]
[debug] [2025-08-28T20:26:01.810Z] <<< [apiv2][status] POST https://firebaserules.googleapis.com/v1/projects/wotohe-b06a0:test 200
[debug] [2025-08-28T20:26:01.810Z] <<< [apiv2][body] POST https://firebaserules.googleapis.com/v1/projects/wotohe-b06a0:test {}
[info] ✔  cloud.firestore: rules file firestore.rules compiled successfully 
[debug] [2025-08-28T20:26:01.813Z] Checked if tokens are valid: true, expires at: 1756416358841
[debug] [2025-08-28T20:26:01.813Z] Checked if tokens are valid: true, expires at: 1756416358841
[debug] [2025-08-28T20:26:01.814Z] >>> [apiv2][query] POST https://iam.googleapis.com/v1/projects/wotohe-b06a0/serviceAccounts/firebase-app-hosting-compute@wotohe-b06a0.iam.gserviceaccount.com:testIamPermissions [none]
[debug] [2025-08-28T20:26:01.814Z] >>> [apiv2][(partial)header] POST https://iam.googleapis.com/v1/projects/wotohe-b06a0/serviceAccounts/firebase-app-hosting-compute@wotohe-b06a0.iam.gserviceaccount.com:testIamPermissions x-goog-quota-user=projects/wotohe-b06a0
[debug] [2025-08-28T20:26:01.814Z] >>> [apiv2][body] POST https://iam.googleapis.com/v1/projects/wotohe-b06a0/serviceAccounts/firebase-app-hosting-compute@wotohe-b06a0.iam.gserviceaccount.com:testIamPermissions {"permissions":["iam.serviceAccounts.actAs"]}
[debug] [2025-08-28T20:26:02.940Z] <<< [apiv2][status] POST https://iam.googleapis.com/v1/projects/wotohe-b06a0/serviceAccounts/firebase-app-hosting-compute@wotohe-b06a0.iam.gserviceaccount.com:testIamPermissions 200
[debug] [2025-08-28T20:26:02.940Z] <<< [apiv2][body] POST https://iam.googleapis.com/v1/projects/wotohe-b06a0/serviceAccounts/firebase-app-hosting-compute@wotohe-b06a0.iam.gserviceaccount.com:testIamPermissions {"permissions":["iam.serviceAccounts.actAs"]}
[debug] [2025-08-28T20:26:02.940Z] Checked if tokens are valid: true, expires at: 1756416358841
[debug] [2025-08-28T20:26:02.940Z] Checked if tokens are valid: true, expires at: 1756416358841
[debug] [2025-08-28T20:26:02.940Z] >>> [apiv2][query] POST https://iam.googleapis.com/v1/projects/wotohe-b06a0/serviceAccounts [none]
[debug] [2025-08-28T20:26:02.940Z] >>> [apiv2][body] POST https://iam.googleapis.com/v1/projects/wotohe-b06a0/serviceAccounts {"accountId":"firebase-app-hosting-compute","serviceAccount":{"displayName":"Firebase App Hosting compute service account","description":"Default service account used to run builds and deploys for Firebase App Hosting"}}
[debug] [2025-08-28T20:26:03.672Z] <<< [apiv2][status] POST https://iam.googleapis.com/v1/projects/wotohe-b06a0/serviceAccounts 409
[debug] [2025-08-28T20:26:03.672Z] <<< [apiv2][body] POST https://iam.googleapis.com/v1/projects/wotohe-b06a0/serviceAccounts [omitted]
[debug] [2025-08-28T20:26:03.673Z] Checked if tokens are valid: true, expires at: 1756416358841
[debug] [2025-08-28T20:26:03.673Z] Checked if tokens are valid: true, expires at: 1756416358841
[debug] [2025-08-28T20:26:03.673Z] >>> [apiv2][query] POST https://cloudresourcemanager.googleapis.com/v1/projects/wotohe-b06a0:getIamPolicy [none]
[debug] [2025-08-28T20:26:03.978Z] <<< [apiv2][status] POST https://cloudresourcemanager.googleapis.com/v1/projects/wotohe-b06a0:getIamPolicy 200
[debug] [2025-08-28T20:26:03.978Z] <<< [apiv2][body] POST https://cloudresourcemanager.googleapis.com/v1/projects/wotohe-b06a0:getIamPolicy {"version":1,"etag":"BwY9SEeA1XI=","bindings":[{"role":"roles/artifactregistry.serviceAgent","members":["serviceAccount:service-432894917280@gcp-sa-artifactregistry.iam.gserviceaccount.com"]},{"role":"roles/cloudaicompanion.serviceAgent","members":["serviceAccount:service-432894917280@gcp-sa-cloudaicompanion.iam.gserviceaccount.com"]},{"role":"roles/cloudbuild.builds.builder","members":["serviceAccount:432894917280@cloudbuild.gserviceaccount.com"]},{"role":"roles/cloudbuild.serviceAgent","members":["serviceAccount:service-432894917280@gcp-sa-cloudbuild.iam.gserviceaccount.com"]},{"role":"roles/containerregistry.ServiceAgent","members":["serviceAccount:service-432894917280@containerregistry.iam.gserviceaccount.com"]},{"role":"roles/developerconnect.readTokenAccessor","members":["serviceAccount:firebase-app-hosting-compute@wotohe-b06a0.iam.gserviceaccount.com"]},{"role":"roles/editor","members":["serviceAccount:432894917280-compute@developer.gserviceaccount.com"]},{"role":"roles/firebase.managementServiceAgent","members":["serviceAccount:service-432894917280@gcp-sa-firebase.iam.gserviceaccount.com"]},{"role":"roles/firebase.sdkAdminServiceAgent","members":["serviceAccount:firebase-adminsdk-fbsvc@wotohe-b06a0.iam.gserviceaccount.com","serviceAccount:firebase-app-hosting-compute@wotohe-b06a0.iam.gserviceaccount.com"]},{"role":"roles/firebaseapphosting.computeRunner","members":["serviceAccount:firebase-app-hosting-compute@wotohe-b06a0.iam.gserviceaccount.com"]},{"role":"roles/firebaseapphosting.serviceAgent","members":["serviceAccount:service-432894917280@gcp-sa-firebaseapphosting.iam.gserviceaccount.com"]},{"role":"roles/firebaseauth.admin","members":["serviceAccount:firebase-adminsdk-fbsvc@wotohe-b06a0.iam.gserviceaccount.com"]},{"role":"roles/firebaserules.system","members":["serviceAccount:service-432894917280@firebase-rules.iam.gserviceaccount.com"]},{"role":"roles/firestore.serviceAgent","members":["serviceAccount:service-432894917280@gcp-sa-firestore.iam.gserviceaccount.com"]},{"role":"roles/iam.serviceAccountTokenCreator","members":["serviceAccount:firebase-adminsdk-fbsvc@wotohe-b06a0.iam.gserviceaccount.com"]},{"role":"roles/owner","members":["user:pruess.henrik@gmail.com"]},{"role":"roles/run.serviceAgent","members":["serviceAccount:service-432894917280@serverless-robot-prod.iam.gserviceaccount.com"]},{"role":"roles/storage.objectViewer","members":["serviceAccount:firebase-app-hosting-compute@wotohe-b06a0.iam.gserviceaccount.com"]}]}
[debug] [2025-08-28T20:26:03.979Z] Checked if tokens are valid: true, expires at: 1756416358841
[debug] [2025-08-28T20:26:03.979Z] Checked if tokens are valid: true, expires at: 1756416358841
[debug] [2025-08-28T20:26:03.979Z] >>> [apiv2][query] POST https://cloudresourcemanager.googleapis.com/v1/projects/wotohe-b06a0:setIamPolicy [none]
[debug] [2025-08-28T20:26:03.979Z] >>> [apiv2][body] POST https://cloudresourcemanager.googleapis.com/v1/projects/wotohe-b06a0:setIamPolicy {"policy":{"version":1,"etag":"BwY9SEeA1XI=","bindings":[{"role":"roles/artifactregistry.serviceAgent","members":["serviceAccount:service-432894917280@gcp-sa-artifactregistry.iam.gserviceaccount.com"]},{"role":"roles/cloudaicompanion.serviceAgent","members":["serviceAccount:service-432894917280@gcp-sa-cloudaicompanion.iam.gserviceaccount.com"]},{"role":"roles/cloudbuild.builds.builder","members":["serviceAccount:432894917280@cloudbuild.gserviceaccount.com"]},{"role":"roles/cloudbuild.serviceAgent","members":["serviceAccount:service-432894917280@gcp-sa-cloudbuild.iam.gserviceaccount.com"]},{"role":"roles/containerregistry.ServiceAgent","members":["serviceAccount:service-432894917280@containerregistry.iam.gserviceaccount.com"]},{"role":"roles/developerconnect.readTokenAccessor","members":["serviceAccount:firebase-app-hosting-compute@wotohe-b06a0.iam.gserviceaccount.com"]},{"role":"roles/editor","members":["serviceAccount:432894917280-compute@developer.gserviceaccount.com"]},{"role":"roles/firebase.managementServiceAgent","members":["serviceAccount:service-432894917280@gcp-sa-firebase.iam.gserviceaccount.com"]},{"role":"roles/firebase.sdkAdminServiceAgent","members":["serviceAccount:firebase-adminsdk-fbsvc@wotohe-b06a0.iam.gserviceaccount.com","serviceAccount:firebase-app-hosting-compute@wotohe-b06a0.iam.gserviceaccount.com"]},{"role":"roles/firebaseapphosting.computeRunner","members":["serviceAccount:firebase-app-hosting-compute@wotohe-b06a0.iam.gserviceaccount.com"]},{"role":"roles/firebaseapphosting.serviceAgent","members":["serviceAccount:service-432894917280@gcp-sa-firebaseapphosting.iam.gserviceaccount.com"]},{"role":"roles/firebaseauth.admin","members":["serviceAccount:firebase-adminsdk-fbsvc@wotohe-b06a0.iam.gserviceaccount.com"]},{"role":"roles/firebaserules.system","members":["serviceAccount:service-432894917280@firebase-rules.iam.gserviceaccount.com"]},{"role":"roles/firestore.serviceAgent","members":["serviceAccount:service-432894917280@gcp-sa-firestore.iam.gserviceaccount.com"]},{"role":"roles/iam.serviceAccountTokenCreator","members":["serviceAccount:firebase-adminsdk-fbsvc@wotohe-b06a0.iam.gserviceaccount.com"]},{"role":"roles/owner","members":["user:pruess.henrik@gmail.com"]},{"role":"roles/run.serviceAgent","members":["serviceAccount:service-432894917280@serverless-robot-prod.iam.gserviceaccount.com"]},{"role":"roles/storage.objectViewer","members":["serviceAccount:firebase-app-hosting-compute@wotohe-b06a0.iam.gserviceaccount.com"]}]},"updateMask":"bindings"}
[debug] [2025-08-28T20:26:05.278Z] <<< [apiv2][status] POST https://cloudresourcemanager.googleapis.com/v1/projects/wotohe-b06a0:setIamPolicy 200
[debug] [2025-08-28T20:26:05.278Z] <<< [apiv2][body] POST https://cloudresourcemanager.googleapis.com/v1/projects/wotohe-b06a0:setIamPolicy {"version":1,"etag":"BwY9crb0baQ=","bindings":[{"role":"roles/artifactregistry.serviceAgent","members":["serviceAccount:service-432894917280@gcp-sa-artifactregistry.iam.gserviceaccount.com"]},{"role":"roles/cloudaicompanion.serviceAgent","members":["serviceAccount:service-432894917280@gcp-sa-cloudaicompanion.iam.gserviceaccount.com"]},{"role":"roles/cloudbuild.builds.builder","members":["serviceAccount:432894917280@cloudbuild.gserviceaccount.com"]},{"role":"roles/cloudbuild.serviceAgent","members":["serviceAccount:service-432894917280@gcp-sa-cloudbuild.iam.gserviceaccount.com"]},{"role":"roles/containerregistry.ServiceAgent","members":["serviceAccount:service-432894917280@containerregistry.iam.gserviceaccount.com"]},{"role":"roles/developerconnect.readTokenAccessor","members":["serviceAccount:firebase-app-hosting-compute@wotohe-b06a0.iam.gserviceaccount.com"]},{"role":"roles/editor","members":["serviceAccount:432894917280-compute@developer.gserviceaccount.com"]},{"role":"roles/firebase.managementServiceAgent","members":["serviceAccount:service-432894917280@gcp-sa-firebase.iam.gserviceaccount.com"]},{"role":"roles/firebase.sdkAdminServiceAgent","members":["serviceAccount:firebase-adminsdk-fbsvc@wotohe-b06a0.iam.gserviceaccount.com","serviceAccount:firebase-app-hosting-compute@wotohe-b06a0.iam.gserviceaccount.com"]},{"role":"roles/firebaseapphosting.computeRunner","members":["serviceAccount:firebase-app-hosting-compute@wotohe-b06a0.iam.gserviceaccount.com"]},{"role":"roles/firebaseapphosting.serviceAgent","members":["serviceAccount:service-432894917280@gcp-sa-firebaseapphosting.iam.gserviceaccount.com"]},{"role":"roles/firebaseauth.admin","members":["serviceAccount:firebase-adminsdk-fbsvc@wotohe-b06a0.iam.gserviceaccount.com"]},{"role":"roles/firebaserules.system","members":["serviceAccount:service-432894917280@firebase-rules.iam.gserviceaccount.com"]},{"role":"roles/firestore.serviceAgent","members":["serviceAccount:service-432894917280@gcp-sa-firestore.iam.gserviceaccount.com"]},{"role":"roles/iam.serviceAccountTokenCreator","members":["serviceAccount:firebase-adminsdk-fbsvc@wotohe-b06a0.iam.gserviceaccount.com"]},{"role":"roles/owner","members":["user:pruess.henrik@gmail.com"]},{"role":"roles/run.serviceAgent","members":["serviceAccount:service-432894917280@serverless-robot-prod.iam.gserviceaccount.com"]},{"role":"roles/storage.objectViewer","members":["serviceAccount:firebase-app-hosting-compute@wotohe-b06a0.iam.gserviceaccount.com"]}]}
[debug] [2025-08-28T20:26:05.279Z] Checked if tokens are valid: true, expires at: 1756416358841
[debug] [2025-08-28T20:26:05.279Z] Checked if tokens are valid: true, expires at: 1756416358841
[debug] [2025-08-28T20:26:05.279Z] >>> [apiv2][query] GET https://firebaseapphosting.googleapis.com/v1beta/projects/wotohe-b06a0/locations/-/backends 
[debug] [2025-08-28T20:26:06.360Z] <<< [apiv2][status] GET https://firebaseapphosting.googleapis.com/v1beta/projects/wotohe-b06a0/locations/-/backends 200
[debug] [2025-08-28T20:26:06.360Z] <<< [apiv2][body] GET https://firebaseapphosting.googleapis.com/v1beta/projects/wotohe-b06a0/locations/-/backends {"backends":[{"name":"projects/wotohe-b06a0/locations/europe-west4/backends/wotohe","createTime":"2025-08-24T11:30:53.629957756Z","updateTime":"2025-08-26T17:51:24.784226Z","labels":{"deployment-tool":"cli-firebase"},"uri":"wotohe--wotohe-b06a0.europe-west4.hosted.app","managedResources":[{"runService":{"service":"projects/432894917280/locations/europe-west4/services/wotohe"}}],"uid":"346f4b79-c219-4618-a763-e871d4712acb","etag":"-jYfHMaXCXzXa7NYwazKDPvHzqkGpl7y7go41Fa1Kus","reconciling":false,"servingLocality":"GLOBAL_ACCESS","serviceAccount":"firebase-app-hosting-compute@wotohe-b06a0.iam.gserviceaccount.com","appId":"1:432894917280:web:567b3325d273dbf3abe7c5"}]}
[info] i  apphosting: Found backend(s) wotohe 
[debug] [2025-08-28T20:26:06.361Z] Checked if tokens are valid: true, expires at: 1756416358841
[debug] [2025-08-28T20:26:06.361Z] Checked if tokens are valid: true, expires at: 1756416358841
[debug] [2025-08-28T20:26:06.361Z] >>> [apiv2][query] GET https://firestore.googleapis.com/v1/projects/wotohe-b06a0/databases/(default) [none]
[debug] [2025-08-28T20:26:06.656Z] <<< [apiv2][status] GET https://firestore.googleapis.com/v1/projects/wotohe-b06a0/databases/(default) 200
[debug] [2025-08-28T20:26:06.656Z] <<< [apiv2][body] GET https://firestore.googleapis.com/v1/projects/wotohe-b06a0/databases/(default) {"name":"projects/wotohe-b06a0/databases/(default)","uid":"4b6ec57e-c1f4-4c8c-afa8-462eb03dda99","createTime":"2025-08-24T11:03:34.174385Z","updateTime":"2025-08-24T11:03:34.174385Z","locationId":"eur3","type":"FIRESTORE_NATIVE","concurrencyMode":"PESSIMISTIC","versionRetentionPeriod":"3600s","earliestVersionTime":"2025-08-28T19:26:06.728519Z","appEngineIntegrationMode":"DISABLED","keyPrefix":"e","pointInTimeRecoveryEnablement":"POINT_IN_TIME_RECOVERY_DISABLED","deleteProtectionState":"DELETE_PROTECTION_DISABLED","databaseEdition":"STANDARD","freeTier":true,"etag":"INjfqLirro8DMKPRybKmo48D"}
[debug] [2025-08-28T20:26:06.657Z] Checked if tokens are valid: true, expires at: 1756416358841
[debug] [2025-08-28T20:26:06.657Z] Checked if tokens are valid: true, expires at: 1756416358841
[debug] [2025-08-28T20:26:06.658Z] >>> [apiv2][query] GET https://firebaserules.googleapis.com/v1/projects/wotohe-b06a0/releases pageSize=10&pageToken=
[debug] [2025-08-28T20:26:07.419Z] <<< [apiv2][status] GET https://firebaserules.googleapis.com/v1/projects/wotohe-b06a0/releases 200
[debug] [2025-08-28T20:26:07.419Z] <<< [apiv2][body] GET https://firebaserules.googleapis.com/v1/projects/wotohe-b06a0/releases {"releases":[{"name":"projects/wotohe-b06a0/releases/cloud.firestore","rulesetName":"projects/wotohe-b06a0/rulesets/d38b0b1e-2f8b-4ed1-add4-04809cc734e5","createTime":"2025-08-24T11:03:41.330784Z","updateTime":"2025-08-26T17:48:31.896499Z"}]}
[debug] [2025-08-28T20:26:07.419Z] Checked if tokens are valid: true, expires at: 1756416358841
[debug] [2025-08-28T20:26:07.419Z] Checked if tokens are valid: true, expires at: 1756416358841
[debug] [2025-08-28T20:26:07.419Z] >>> [apiv2][query] GET https://firebaserules.googleapis.com/v1/projects/wotohe-b06a0/rulesets/d38b0b1e-2f8b-4ed1-add4-04809cc734e5 [none]
[debug] [2025-08-28T20:26:08.498Z] <<< [apiv2][status] GET https://firebaserules.googleapis.com/v1/projects/wotohe-b06a0/rulesets/d38b0b1e-2f8b-4ed1-add4-04809cc734e5 200
[debug] [2025-08-28T20:26:08.498Z] <<< [apiv2][body] GET https://firebaserules.googleapis.com/v1/projects/wotohe-b06a0/rulesets/d38b0b1e-2f8b-4ed1-add4-04809cc734e5 [omitted]
[info] i  firestore: latest version of firestore.rules already up to date, skipping upload... 
[info] i  firestore: deploying indexes... 
[debug] [2025-08-28T20:26:08.500Z] Checked if tokens are valid: true, expires at: 1756416358841
[debug] [2025-08-28T20:26:08.501Z] Checked if tokens are valid: true, expires at: 1756416358841
[debug] [2025-08-28T20:26:08.501Z] >>> [apiv2][query] GET https://firestore.googleapis.com/v1/projects/wotohe-b06a0/databases/(default)/collectionGroups/-/indexes [none]
[debug] [2025-08-28T20:26:08.657Z] <<< [apiv2][status] GET https://firestore.googleapis.com/v1/projects/wotohe-b06a0/databases/(default)/collectionGroups/-/indexes 200
[debug] [2025-08-28T20:26:08.658Z] <<< [apiv2][body] GET https://firestore.googleapis.com/v1/projects/wotohe-b06a0/databases/(default)/collectionGroups/-/indexes {"indexes":[{"name":"projects/wotohe-b06a0/databases/(default)/collectionGroups/tasks/indexes/CICAgOjXh4EK","queryScope":"COLLECTION","fields":[{"fieldPath":"type","order":"ASCENDING"},{"fieldPath":"completedAt","order":"DESCENDING"},{"fieldPath":"__name__","order":"DESCENDING"}],"state":"READY","density":"SPARSE_ALL"}]}
[debug] [2025-08-28T20:26:08.658Z] Checked if tokens are valid: true, expires at: 1756416358841
[debug] [2025-08-28T20:26:08.658Z] Checked if tokens are valid: true, expires at: 1756416358841
[debug] [2025-08-28T20:26:08.658Z] >>> [apiv2][query] GET https://firestore.googleapis.com/v1/projects/wotohe-b06a0/databases/(default)/collectionGroups/-/fields?filter=indexConfig.usesAncestorConfig=false OR ttlConfig:* [none]
[debug] [2025-08-28T20:26:08.766Z] <<< [apiv2][status] GET https://firestore.googleapis.com/v1/projects/wotohe-b06a0/databases/(default)/collectionGroups/-/fields?filter=indexConfig.usesAncestorConfig=false OR ttlConfig:* 200
[debug] [2025-08-28T20:26:08.766Z] <<< [apiv2][body] GET https://firestore.googleapis.com/v1/projects/wotohe-b06a0/databases/(default)/collectionGroups/-/fields?filter=indexConfig.usesAncestorConfig=false OR ttlConfig:* {"fields":[{"name":"projects/wotohe-b06a0/databases/(default)/collectionGroups/__default__/fields/*","indexConfig":{"indexes":[{"queryScope":"COLLECTION","fields":[{"fieldPath":"*","order":"ASCENDING"}],"state":"READY"},{"queryScope":"COLLECTION","fields":[{"fieldPath":"*","order":"DESCENDING"}],"state":"READY"},{"queryScope":"COLLECTION","fields":[{"fieldPath":"*","arrayConfig":"CONTAINS"}],"state":"READY"}]}}]}
[debug] [2025-08-28T20:26:08.767Z] Skipping existing index: {"collectionGroup":"tasks","queryScope":"COLLECTION","fields":[{"fieldPath":"type","order":"ASCENDING"},{"fieldPath":"completedAt","order":"DESCENDING"}]}
[info] ✔  firestore: deployed indexes in firestore.indexes.json successfully for (default) database 
[debug] [2025-08-28T20:26:08.768Z] Checked if tokens are valid: true, expires at: 1756416358841
[debug] [2025-08-28T20:26:08.768Z] Checked if tokens are valid: true, expires at: 1756416358841
[debug] [2025-08-28T20:26:08.768Z] >>> [apiv2][query] GET https://cloudresourcemanager.googleapis.com/v1/projects/wotohe-b06a0 [none]
[debug] [2025-08-28T20:26:09.014Z] <<< [apiv2][status] GET https://cloudresourcemanager.googleapis.com/v1/projects/wotohe-b06a0 200
[debug] [2025-08-28T20:26:09.014Z] <<< [apiv2][body] GET https://cloudresourcemanager.googleapis.com/v1/projects/wotohe-b06a0 {"projectNumber":"432894917280","projectId":"wotohe-b06a0","lifecycleState":"ACTIVE","name":"wotohe","labels":{"firebase":"enabled","firebase-core":"disabled"},"createTime":"2025-08-24T11:01:35.664272Z"}
[debug] [2025-08-28T20:26:09.014Z] Checked if tokens are valid: true, expires at: 1756416358841
[debug] [2025-08-28T20:26:09.015Z] Checked if tokens are valid: true, expires at: 1756416358841
[debug] [2025-08-28T20:26:09.015Z] >>> [apiv2][query] GET https://storage.googleapis.com/storage/v1/b/firebaseapphosting-sources-432894917280-europe-west4 [none]
[debug] [2025-08-28T20:26:09.237Z] <<< [apiv2][status] GET https://storage.googleapis.com/storage/v1/b/firebaseapphosting-sources-432894917280-europe-west4 200
[debug] [2025-08-28T20:26:09.237Z] <<< [apiv2][body] GET https://storage.googleapis.com/storage/v1/b/firebaseapphosting-sources-432894917280-europe-west4 {"kind":"storage#bucket","selfLink":"https://www.googleapis.com/storage/v1/b/firebaseapphosting-sources-432894917280-europe-west4","id":"firebaseapphosting-sources-432894917280-europe-west4","name":"firebaseapphosting-sources-432894917280-europe-west4","projectNumber":"432894917280","generation":"1756035099160777519","metageneration":"1","location":"EUROPE-WEST4","storageClass":"STANDARD","etag":"CAE=","timeCreated":"2025-08-24T11:31:39.569Z","updated":"2025-08-24T11:31:39.569Z","lifecycle":{"rule":[{"action":{"type":"Delete"},"condition":{"age":30}}]},"softDeletePolicy":{"retentionDurationSeconds":"604800","effectiveTime":"2025-08-24T11:31:39.569Z"},"iamConfiguration":{"bucketPolicyOnly":{"enabled":false},"uniformBucketLevelAccess":{"enabled":false},"publicAccessPrevention":"inherited"},"locationType":"region","satisfiesPZI":true}
[info] i  apphosting: Uploading source code at /Users/henrikpruess/workspace/other/wotohe for backend wotohe... 
[debug] [2025-08-28T20:26:09.317Z] Checked if tokens are valid: true, expires at: 1756416358841
[debug] [2025-08-28T20:26:09.318Z] Checked if tokens are valid: true, expires at: 1756416358841
[debug] [2025-08-28T20:26:09.318Z] >>> [apiv2][query] PUT https://storage.googleapis.com/firebaseapphosting-sources-432894917280-europe-west4/wotohe--29828-vK0H29tbJUz4-.zip [none]
[debug] [2025-08-28T20:26:09.318Z] >>> [apiv2][body] PUT https://storage.googleapis.com/firebaseapphosting-sources-432894917280-europe-west4/wotohe--29828-vK0H29tbJUz4-.zip [stream]
[debug] [2025-08-28T20:26:09.669Z] <<< [apiv2][status] PUT https://storage.googleapis.com/firebaseapphosting-sources-432894917280-europe-west4/wotohe--29828-vK0H29tbJUz4-.zip 200
[debug] [2025-08-28T20:26:09.670Z] <<< [apiv2][body] PUT https://storage.googleapis.com/firebaseapphosting-sources-432894917280-europe-west4/wotohe--29828-vK0H29tbJUz4-.zip undefined
[info] i  apphosting: Source code uploaded at gs://firebaseapphosting-sources-432894917280-europe-west4/wotohe--29828-vK0H29tbJUz4-.zip 
[debug] [2025-08-28T20:26:09.670Z] [rules] releasing cloud.firestore/(default) with ruleset projects/wotohe-b06a0/rulesets/d38b0b1e-2f8b-4ed1-add4-04809cc734e5
[debug] [2025-08-28T20:26:09.671Z] Checked if tokens are valid: true, expires at: 1756416358841
[debug] [2025-08-28T20:26:09.671Z] Checked if tokens are valid: true, expires at: 1756416358841
[debug] [2025-08-28T20:26:09.671Z] >>> [apiv2][query] PATCH https://firebaserules.googleapis.com/v1/projects/wotohe-b06a0/releases/cloud.firestore/(default) [none]
[debug] [2025-08-28T20:26:09.671Z] >>> [apiv2][body] PATCH https://firebaserules.googleapis.com/v1/projects/wotohe-b06a0/releases/cloud.firestore/(default) {"release":{"name":"projects/wotohe-b06a0/releases/cloud.firestore/(default)","rulesetName":"projects/wotohe-b06a0/rulesets/d38b0b1e-2f8b-4ed1-add4-04809cc734e5"}}
[debug] [2025-08-28T20:26:10.617Z] <<< [apiv2][status] PATCH https://firebaserules.googleapis.com/v1/projects/wotohe-b06a0/releases/cloud.firestore/(default) 200
[debug] [2025-08-28T20:26:10.617Z] <<< [apiv2][body] PATCH https://firebaserules.googleapis.com/v1/projects/wotohe-b06a0/releases/cloud.firestore/(default) {"name":"projects/wotohe-b06a0/releases/cloud.firestore","rulesetName":"projects/wotohe-b06a0/rulesets/d38b0b1e-2f8b-4ed1-add4-04809cc734e5","createTime":"2025-08-24T11:03:41.330784Z","updateTime":"2025-08-28T20:26:10.630512Z"}
[debug] [2025-08-28T20:26:10.617Z] [rules] updated release projects/wotohe-b06a0/releases/cloud.firestore
[info] ✔  firestore: released rules firestore.rules to cloud.firestore 
[debug] [2025-08-28T20:26:10.618Z] Checked if tokens are valid: true, expires at: 1756416358841
[debug] [2025-08-28T20:26:10.618Z] Checked if tokens are valid: true, expires at: 1756416358841
[debug] [2025-08-28T20:26:10.618Z] Checked if tokens are valid: true, expires at: 1756416358841
[debug] [2025-08-28T20:26:10.618Z] Checked if tokens are valid: true, expires at: 1756416358841
[info] i  apphosting: You may also track the rollout(s) at:
	https://console.firebase.google.com/project/wotohe-b06a0/apphosting 
[debug] [2025-08-28T20:26:10.623Z] >>> [apiv2][query] GET https://firebaseapphosting.googleapis.com/v1beta/projects/wotohe-b06a0/locations/europe-west4/backends/wotohe/rollouts 
[debug] [2025-08-28T20:26:10.623Z] >>> [apiv2][query] GET https://firebaseapphosting.googleapis.com/v1beta/projects/wotohe-b06a0/locations/europe-west4/backends/wotohe/builds 
[debug] [2025-08-28T20:26:10.767Z] <<< [apiv2][status] GET https://firebaseapphosting.googleapis.com/v1beta/projects/wotohe-b06a0/locations/europe-west4/backends/wotohe/rollouts 200
[debug] [2025-08-28T20:26:10.768Z] <<< [apiv2][body] GET https://firebaseapphosting.googleapis.com/v1beta/projects/wotohe-b06a0/locations/europe-west4/backends/wotohe/rollouts {"rollouts":[{"name":"projects/wotohe-b06a0/locations/europe-west4/backends/wotohe/rollouts/build-2025-08-24-002","createTime":"2025-08-24T11:43:44.305908745Z","updateTime":"2025-08-24T11:47:12.238789Z","state":"SUCCEEDED","build":"projects/wotohe-b06a0/locations/europe-west4/backends/wotohe/builds/build-2025-08-24-002","labels":{"deployment-tool":"cli-firebase"},"uid":"657ef651-fcb2-4eac-801b-fc129fe47736","etag":"LIZow9nIllu5ZIifpEtmJBppzUK0ROSFd0VM31paGRg","reconciling":false},{"name":"projects/wotohe-b06a0/locations/europe-west4/backends/wotohe/rollouts/build-2025-08-24-003","createTime":"2025-08-24T12:34:37.435776091Z","updateTime":"2025-08-24T12:37:55.181653Z","state":"SUCCEEDED","build":"projects/wotohe-b06a0/locations/europe-west4/backends/wotohe/builds/build-2025-08-24-003","labels":{"deployment-tool":"cli-firebase"},"uid":"fe61a02b-8224-4d18-93dd-34681c13e33e","etag":"EUeN4YT4l625keu98UTg9W88NU1zlUAdTK1s05ymzh8","reconciling":false},{"name":"projects/wotohe-b06a0/locations/europe-west4/backends/wotohe/rollouts/build-2025-08-24-001","createTime":"2025-08-24T11:31:41.845816108Z","updateTime":"2025-08-24T11:37:26.585622Z","state":"SUCCEEDED","build":"projects/wotohe-b06a0/locations/europe-west4/backends/wotohe/builds/build-2025-08-24-001","labels":{"deployment-tool":"cli-firebase"},"uid":"3b69401b-2d1d-42ad-949a-9ad9f988bdff","etag":"KYB4SHa7_CccpP0DdIA821nJck1sdg31Zar0rDeRVz0","reconciling":false},{"name":"projects/wotohe-b06a0/locations/europe-west4/backends/wotohe/rollouts/build-2025-08-26-001","createTime":"2025-08-26T17:48:32.672224562Z","updateTime":"2025-08-26T17:51:30.259911Z","state":"SUCCEEDED","build":"projects/wotohe-b06a0/locations/europe-west4/backends/wotohe/builds/build-2025-08-26-001","labels":{"deployment-tool":"cli-firebase"},"uid":"8e3173bc-aac3-416a-b273-dc9c842ef3ab","etag":"H5RtiDiJ4giJqGzTtkU7wlC0iIAP5qF755-0kTUAAh8","reconciling":false}]}
[debug] [2025-08-28T20:26:10.896Z] <<< [apiv2][status] GET https://firebaseapphosting.googleapis.com/v1beta/projects/wotohe-b06a0/locations/europe-west4/backends/wotohe/builds 200
[debug] [2025-08-28T20:26:10.896Z] <<< [apiv2][body] GET https://firebaseapphosting.googleapis.com/v1beta/projects/wotohe-b06a0/locations/europe-west4/backends/wotohe/builds {"builds":[{"name":"projects/wotohe-b06a0/locations/europe-west4/backends/wotohe/builds/build-2025-08-24-002","state":"READY","image":"europe-west4-docker.pkg.dev/wotohe-b06a0/firebaseapphosting-images/wotohe:build-2025-08-24-002","config":{"runConfig":{},"env":[{"variable":"FIREBASE_CONFIG","value":"{\"databaseURL\":\"\",\"projectId\":\"wotohe-b06a0\",\"storageBucket\":\"wotohe-b06a0.firebasestorage.app\"}","availability":["BUILD","RUNTIME"]},{"variable":"FIREBASE_WEBAPP_CONFIG","value":"{\"apiKey\":\"AIzaSyCMOBaLUqM6lsTDm2Ss_lW5SyrjZzrluLM\",\"appId\":\"1:432894917280:web:567b3325d273dbf3abe7c5\",\"authDomain\":\"wotohe-b06a0.firebaseapp.com\",\"databaseURL\":\"\",\"messagingSenderId\":\"432894917280\",\"projectId\":\"wotohe-b06a0\",\"storageBucket\":\"wotohe-b06a0.firebasestorage.app\"}","availability":["BUILD"]}]},"source":{"archive":{"rootDirectory":"/","userStorageUri":"gs://firebaseapphosting-sources-432894917280-europe-west4/wotohe--11428-I7N5ElKrUIFS-.zip"}},"buildLogsUri":"https://console.cloud.google.com/cloud-build/builds;region=europe-west4/9cfe2afe-a073-4852-ba09-6ad3cc5a202f?project=432894917280","createTime":"2025-08-24T11:43:44.041783339Z","updateTime":"2025-08-24T11:47:06.492921Z","labels":{"deployment-tool":"cli-firebase"},"uid":"47373a22-8de2-461e-b5a7-3b14ab6c80d6","etag":"qlSZouaZL1HcURp0JjGPgcWQaGfzAT4t59qCFUna-YE","reconciling":false},{"name":"projects/wotohe-b06a0/locations/europe-west4/backends/wotohe/builds/build-2025-08-24-003","state":"READY","image":"europe-west4-docker.pkg.dev/wotohe-b06a0/firebaseapphosting-images/wotohe:build-2025-08-24-003","config":{"runConfig":{},"env":[{"variable":"FIREBASE_CONFIG","value":"{\"databaseURL\":\"\",\"projectId\":\"wotohe-b06a0\",\"storageBucket\":\"wotohe-b06a0.firebasestorage.app\"}","availability":["BUILD","RUNTIME"]},{"variable":"FIREBASE_WEBAPP_CONFIG","value":"{\"apiKey\":\"AIzaSyCMOBaLUqM6lsTDm2Ss_lW5SyrjZzrluLM\",\"appId\":\"1:432894917280:web:567b3325d273dbf3abe7c5\",\"authDomain\":\"wotohe-b06a0.firebaseapp.com\",\"databaseURL\":\"\",\"messagingSenderId\":\"432894917280\",\"projectId\":\"wotohe-b06a0\",\"storageBucket\":\"wotohe-b06a0.firebasestorage.app\"}","availability":["BUILD"]}]},"source":{"archive":{"rootDirectory":"/","userStorageUri":"gs://firebaseapphosting-sources-432894917280-europe-west4/wotohe--16990-AH8SxncbFPrs-.zip"}},"buildLogsUri":"https://console.cloud.google.com/cloud-build/builds;region=europe-west4/08094491-efd2-4dd6-8c63-af8eb4ed07b2?project=432894917280","createTime":"2025-08-24T12:34:37.135724922Z","updateTime":"2025-08-24T12:37:49.392582Z","labels":{"deployment-tool":"cli-firebase"},"uid":"38cfd8c6-c5f4-4c35-8204-bbcb39b135bd","etag":"hbjcH79PK41Q5p-90PT3j8SGEisrcqQ0lqIDMMdf4Bg","reconciling":false},{"name":"projects/wotohe-b06a0/locations/europe-west4/backends/wotohe/builds/build-2025-08-24-001","state":"READY","image":"europe-west4-docker.pkg.dev/wotohe-b06a0/firebaseapphosting-images/wotohe:build-2025-08-24-001","config":{"runConfig":{},"env":[{"variable":"FIREBASE_CONFIG","value":"{\"databaseURL\":\"\",\"projectId\":\"wotohe-b06a0\",\"storageBucket\":\"wotohe-b06a0.firebasestorage.app\"}","availability":["BUILD","RUNTIME"]},{"variable":"FIREBASE_WEBAPP_CONFIG","value":"{\"apiKey\":\"AIzaSyCMOBaLUqM6lsTDm2Ss_lW5SyrjZzrluLM\",\"appId\":\"1:432894917280:web:567b3325d273dbf3abe7c5\",\"authDomain\":\"wotohe-b06a0.firebaseapp.com\",\"databaseURL\":\"\",\"messagingSenderId\":\"432894917280\",\"projectId\":\"wotohe-b06a0\",\"storageBucket\":\"wotohe-b06a0.firebasestorage.app\"}","availability":["BUILD"]}]},"source":{"archive":{"rootDirectory":"/","userStorageUri":"gs://firebaseapphosting-sources-432894917280-europe-west4/wotohe--11295-nMII35kMRV8X-.zip"}},"buildLogsUri":"https://console.cloud.google.com/cloud-build/builds;region=europe-west4/e8a0b395-0e15-4729-a2c5-9776150d58c6?project=432894917280","createTime":"2025-08-24T11:31:41.515623174Z","updateTime":"2025-08-24T11:37:16.341442Z","labels":{"deployment-tool":"cli-firebase"},"uid":"b93ceb95-8f27-421e-849f-fe7ce68d4bd8","etag":"qo01a6R2BQeBBMR2xXt4B4TOOnMrCr1zZGAzMCtfKDM","reconciling":false},{"name":"projects/wotohe-b06a0/locations/europe-west4/backends/wotohe/builds/build-2025-08-26-001","state":"READY","image":"europe-west4-docker.pkg.dev/wotohe-b06a0/firebaseapphosting-images/wotohe:build-2025-08-26-001","config":{"runConfig":{},"env":[{"variable":"FIREBASE_CONFIG","value":"{\"databaseURL\":\"\",\"projectId\":\"wotohe-b06a0\",\"storageBucket\":\"wotohe-b06a0.firebasestorage.app\"}","availability":["BUILD","RUNTIME"]},{"variable":"FIREBASE_WEBAPP_CONFIG","value":"{\"apiKey\":\"AIzaSyCMOBaLUqM6lsTDm2Ss_lW5SyrjZzrluLM\",\"appId\":\"1:432894917280:web:567b3325d273dbf3abe7c5\",\"authDomain\":\"wotohe-b06a0.firebaseapp.com\",\"databaseURL\":\"\",\"messagingSenderId\":\"432894917280\",\"projectId\":\"wotohe-b06a0\",\"storageBucket\":\"wotohe-b06a0.firebasestorage.app\"}","availability":["BUILD"]}]},"source":{"archive":{"rootDirectory":"/","userStorageUri":"gs://firebaseapphosting-sources-432894917280-europe-west4/wotohe--19272-DM8GfdNBEnwM-.zip"}},"buildLogsUri":"https://console.cloud.google.com/cloud-build/builds;region=europe-west4/3243c15e-fa4b-4f1e-a25d-f48dd42f4ec1?project=432894917280","createTime":"2025-08-26T17:48:32.417394373Z","updateTime":"2025-08-26T17:51:24.398689Z","labels":{"deployment-tool":"cli-firebase"},"uid":"47cd8fa1-f522-400a-b3ca-a9a8746a108d","etag":"3hnd340Ri79R6E9eSWxYvCf5uqNEOsH4QL0hwpw7iwY","reconciling":false}]}
[debug] [2025-08-28T20:26:10.897Z] Checked if tokens are valid: true, expires at: 1756416358841
[debug] [2025-08-28T20:26:10.897Z] Checked if tokens are valid: true, expires at: 1756416358841
[debug] [2025-08-28T20:26:10.897Z] >>> [apiv2][query] POST https://firebaseapphosting.googleapis.com/v1beta/projects/wotohe-b06a0/locations/europe-west4/backends/wotohe/builds buildId=build-2025-08-28-001
[debug] [2025-08-28T20:26:10.897Z] >>> [apiv2][body] POST https://firebaseapphosting.googleapis.com/v1beta/projects/wotohe-b06a0/locations/europe-west4/backends/wotohe/builds {"source":{"archive":{"userStorageUri":"gs://firebaseapphosting-sources-432894917280-europe-west4/wotohe--29828-vK0H29tbJUz4-.zip","rootDirectory":"/"}},"labels":{"deployment-tool":"cli-firebase"}}
[debug] [2025-08-28T20:26:11.075Z] <<< [apiv2][status] POST https://firebaseapphosting.googleapis.com/v1beta/projects/wotohe-b06a0/locations/europe-west4/backends/wotohe/builds 200
[debug] [2025-08-28T20:26:11.075Z] <<< [apiv2][body] POST https://firebaseapphosting.googleapis.com/v1beta/projects/wotohe-b06a0/locations/europe-west4/backends/wotohe/builds {"name":"projects/wotohe-b06a0/locations/europe-west4/operations/operation-1756412771113-63d72b74d1a2e-0a184227-14a95daf","metadata":{"@type":"type.googleapis.com/google.firebase.apphosting.v1beta.OperationMetadata","createTime":"2025-08-28T20:26:11.151009466Z","target":"projects/wotohe-b06a0/locations/europe-west4/backends/wotohe/builds/build-2025-08-28-001","verb":"create","requestedCancellation":false,"apiVersion":"v1beta"},"done":false}
[debug] [2025-08-28T20:26:11.075Z] Checked if tokens are valid: true, expires at: 1756416358841
[debug] [2025-08-28T20:26:11.075Z] Checked if tokens are valid: true, expires at: 1756416358841
[debug] [2025-08-28T20:26:11.075Z] >>> [apiv2][query] POST https://firebaseapphosting.googleapis.com/v1beta/projects/wotohe-b06a0/locations/europe-west4/backends/wotohe/rollouts rolloutId=build-2025-08-28-001&validateOnly=true
[debug] [2025-08-28T20:26:11.075Z] >>> [apiv2][body] POST https://firebaseapphosting.googleapis.com/v1beta/projects/wotohe-b06a0/locations/europe-west4/backends/wotohe/rollouts {"build":"projects/wotohe-b06a0/locations/europe-west4/backends/wotohe/builds/build-2025-08-28-001","labels":{"deployment-tool":"cli-firebase"}}
[debug] [2025-08-28T20:26:11.240Z] <<< [apiv2][status] POST https://firebaseapphosting.googleapis.com/v1beta/projects/wotohe-b06a0/locations/europe-west4/backends/wotohe/rollouts 200
[debug] [2025-08-28T20:26:11.240Z] <<< [apiv2][body] POST https://firebaseapphosting.googleapis.com/v1beta/projects/wotohe-b06a0/locations/europe-west4/backends/wotohe/rollouts {}
[debug] [2025-08-28T20:26:11.240Z] Checked if tokens are valid: true, expires at: 1756416358841
[debug] [2025-08-28T20:26:11.240Z] Checked if tokens are valid: true, expires at: 1756416358841
[debug] [2025-08-28T20:26:11.241Z] >>> [apiv2][query] POST https://firebaseapphosting.googleapis.com/v1beta/projects/wotohe-b06a0/locations/europe-west4/backends/wotohe/rollouts rolloutId=build-2025-08-28-001&validateOnly=false
[debug] [2025-08-28T20:26:11.241Z] >>> [apiv2][body] POST https://firebaseapphosting.googleapis.com/v1beta/projects/wotohe-b06a0/locations/europe-west4/backends/wotohe/rollouts {"build":"projects/wotohe-b06a0/locations/europe-west4/backends/wotohe/builds/build-2025-08-28-001","labels":{"deployment-tool":"cli-firebase"}}
[debug] [2025-08-28T20:26:11.371Z] <<< [apiv2][status] POST https://firebaseapphosting.googleapis.com/v1beta/projects/wotohe-b06a0/locations/europe-west4/backends/wotohe/rollouts 200
[debug] [2025-08-28T20:26:11.371Z] <<< [apiv2][body] POST https://firebaseapphosting.googleapis.com/v1beta/projects/wotohe-b06a0/locations/europe-west4/backends/wotohe/rollouts {"name":"projects/wotohe-b06a0/locations/europe-west4/operations/operation-1756412771457-63d72b7525b20-80a81b3f-cb39eabd","metadata":{"@type":"type.googleapis.com/google.firebase.apphosting.v1beta.OperationMetadata","createTime":"2025-08-28T20:26:11.472950393Z","target":"projects/wotohe-b06a0/locations/europe-west4/backends/wotohe/rollouts/build-2025-08-28-001","verb":"create","requestedCancellation":false,"apiVersion":"v1beta"},"done":false}
[debug] [2025-08-28T20:26:11.373Z] Checked if tokens are valid: true, expires at: 1756416358841
[debug] [2025-08-28T20:26:11.373Z] Checked if tokens are valid: true, expires at: 1756416358841
[debug] [2025-08-28T20:26:11.373Z] Checked if tokens are valid: true, expires at: 1756416358841
[debug] [2025-08-28T20:26:11.373Z] Checked if tokens are valid: true, expires at: 1756416358841
[debug] [2025-08-28T20:26:11.373Z] >>> [apiv2][query] GET https://firebaseapphosting.googleapis.com/v1beta/projects/wotohe-b06a0/locations/europe-west4/operations/operation-1756412771457-63d72b7525b20-80a81b3f-cb39eabd [none]
[debug] [2025-08-28T20:26:11.374Z] >>> [apiv2][query] GET https://firebaseapphosting.googleapis.com/v1beta/projects/wotohe-b06a0/locations/europe-west4/operations/operation-1756412771113-63d72b74d1a2e-0a184227-14a95daf [none]
[debug] [2025-08-28T20:26:11.466Z] <<< [apiv2][status] GET https://firebaseapphosting.googleapis.com/v1beta/projects/wotohe-b06a0/locations/europe-west4/operations/operation-1756412771457-63d72b7525b20-80a81b3f-cb39eabd 200
[debug] [2025-08-28T20:26:11.466Z] <<< [apiv2][body] GET https://firebaseapphosting.googleapis.com/v1beta/projects/wotohe-b06a0/locations/europe-west4/operations/operation-1756412771457-63d72b7525b20-80a81b3f-cb39eabd {"name":"projects/wotohe-b06a0/locations/europe-west4/operations/operation-1756412771457-63d72b7525b20-80a81b3f-cb39eabd","metadata":{"@type":"type.googleapis.com/google.firebase.apphosting.v1beta.OperationMetadata","createTime":"2025-08-28T20:26:11.472950393Z","endTime":"2025-08-28T20:26:11.507277357Z","target":"projects/wotohe-b06a0/locations/europe-west4/backends/wotohe/rollouts/build-2025-08-28-001","verb":"create","requestedCancellation":false,"apiVersion":"v1beta"},"done":true,"response":{"@type":"type.googleapis.com/google.firebase.apphosting.v1beta.Rollout","name":"projects/wotohe-b06a0/locations/europe-west4/backends/wotohe/rollouts/build-2025-08-28-001","createTime":"2025-08-28T20:26:11.467490369Z","updateTime":"2025-08-28T20:26:11.502557Z","state":"QUEUED","build":"projects/wotohe-b06a0/locations/europe-west4/backends/wotohe/builds/build-2025-08-28-001","labels":{"deployment-tool":"cli-firebase"},"uid":"769e6e5f-44ba-420f-bcf3-60cf0286d8b5","etag":"zHj9TluKb1mGpcJZnV1sR6WrxDLZRwjj8fqZKryGmjs","reconciling":false}}
[debug] [2025-08-28T20:26:11.581Z] <<< [apiv2][status] GET https://firebaseapphosting.googleapis.com/v1beta/projects/wotohe-b06a0/locations/europe-west4/operations/operation-1756412771113-63d72b74d1a2e-0a184227-14a95daf 200
[debug] [2025-08-28T20:26:11.582Z] <<< [apiv2][body] GET https://firebaseapphosting.googleapis.com/v1beta/projects/wotohe-b06a0/locations/europe-west4/operations/operation-1756412771113-63d72b74d1a2e-0a184227-14a95daf {"name":"projects/wotohe-b06a0/locations/europe-west4/operations/operation-1756412771113-63d72b74d1a2e-0a184227-14a95daf","metadata":{"@type":"type.googleapis.com/google.firebase.apphosting.v1beta.OperationMetadata","createTime":"2025-08-28T20:26:11.151009466Z","target":"projects/wotohe-b06a0/locations/europe-west4/backends/wotohe/builds/build-2025-08-28-001","verb":"create","requestedCancellation":false,"apiVersion":"v1beta"},"done":false}
[debug] [2025-08-28T20:26:12.083Z] [create-wotohe-b06a0-europe-west4-backend-wotohe-build-build-2025-08-28-001] Retrying task index 0
[debug] [2025-08-28T20:26:12.083Z] Checked if tokens are valid: true, expires at: 1756416358841
[debug] [2025-08-28T20:26:12.083Z] Checked if tokens are valid: true, expires at: 1756416358841
[debug] [2025-08-28T20:26:12.083Z] >>> [apiv2][query] GET https://firebaseapphosting.googleapis.com/v1beta/projects/wotohe-b06a0/locations/europe-west4/operations/operation-1756412771113-63d72b74d1a2e-0a184227-14a95daf [none]
[debug] [2025-08-28T20:26:12.223Z] <<< [apiv2][status] GET https://firebaseapphosting.googleapis.com/v1beta/projects/wotohe-b06a0/locations/europe-west4/operations/operation-1756412771113-63d72b74d1a2e-0a184227-14a95daf 200
[debug] [2025-08-28T20:26:12.223Z] <<< [apiv2][body] GET https://firebaseapphosting.googleapis.com/v1beta/projects/wotohe-b06a0/locations/europe-west4/operations/operation-1756412771113-63d72b74d1a2e-0a184227-14a95daf {"name":"projects/wotohe-b06a0/locations/europe-west4/operations/operation-1756412771113-63d72b74d1a2e-0a184227-14a95daf","metadata":{"@type":"type.googleapis.com/google.firebase.apphosting.v1beta.OperationMetadata","createTime":"2025-08-28T20:26:11.151009466Z","target":"projects/wotohe-b06a0/locations/europe-west4/backends/wotohe/builds/build-2025-08-28-001","verb":"create","requestedCancellation":false,"apiVersion":"v1beta"},"done":false}
[debug] [2025-08-28T20:26:13.225Z] [create-wotohe-b06a0-europe-west4-backend-wotohe-build-build-2025-08-28-001] Retrying task index 0
[debug] [2025-08-28T20:26:13.225Z] Checked if tokens are valid: true, expires at: 1756416358841
[debug] [2025-08-28T20:26:13.225Z] Checked if tokens are valid: true, expires at: 1756416358841
[debug] [2025-08-28T20:26:13.225Z] >>> [apiv2][query] GET https://firebaseapphosting.googleapis.com/v1beta/projects/wotohe-b06a0/locations/europe-west4/operations/operation-1756412771113-63d72b74d1a2e-0a184227-14a95daf [none]
[debug] [2025-08-28T20:26:13.346Z] <<< [apiv2][status] GET https://firebaseapphosting.googleapis.com/v1beta/projects/wotohe-b06a0/locations/europe-west4/operations/operation-1756412771113-63d72b74d1a2e-0a184227-14a95daf 200
[debug] [2025-08-28T20:26:13.346Z] <<< [apiv2][body] GET https://firebaseapphosting.googleapis.com/v1beta/projects/wotohe-b06a0/locations/europe-west4/operations/operation-1756412771113-63d72b74d1a2e-0a184227-14a95daf {"name":"projects/wotohe-b06a0/locations/europe-west4/operations/operation-1756412771113-63d72b74d1a2e-0a184227-14a95daf","metadata":{"@type":"type.googleapis.com/google.firebase.apphosting.v1beta.OperationMetadata","createTime":"2025-08-28T20:26:11.151009466Z","target":"projects/wotohe-b06a0/locations/europe-west4/backends/wotohe/builds/build-2025-08-28-001","verb":"create","requestedCancellation":false,"apiVersion":"v1beta"},"done":false}
[debug] [2025-08-28T20:26:15.347Z] [create-wotohe-b06a0-europe-west4-backend-wotohe-build-build-2025-08-28-001] Retrying task index 0
[debug] [2025-08-28T20:26:15.348Z] Checked if tokens are valid: true, expires at: 1756416358841
[debug] [2025-08-28T20:26:15.348Z] Checked if tokens are valid: true, expires at: 1756416358841
[debug] [2025-08-28T20:26:15.348Z] >>> [apiv2][query] GET https://firebaseapphosting.googleapis.com/v1beta/projects/wotohe-b06a0/locations/europe-west4/operations/operation-1756412771113-63d72b74d1a2e-0a184227-14a95daf [none]
[debug] [2025-08-28T20:26:15.418Z] <<< [apiv2][status] GET https://firebaseapphosting.googleapis.com/v1beta/projects/wotohe-b06a0/locations/europe-west4/operations/operation-1756412771113-63d72b74d1a2e-0a184227-14a95daf 200
[debug] [2025-08-28T20:26:15.418Z] <<< [apiv2][body] GET https://firebaseapphosting.googleapis.com/v1beta/projects/wotohe-b06a0/locations/europe-west4/operations/operation-1756412771113-63d72b74d1a2e-0a184227-14a95daf {"name":"projects/wotohe-b06a0/locations/europe-west4/operations/operation-1756412771113-63d72b74d1a2e-0a184227-14a95daf","metadata":{"@type":"type.googleapis.com/google.firebase.apphosting.v1beta.OperationMetadata","createTime":"2025-08-28T20:26:11.151009466Z","target":"projects/wotohe-b06a0/locations/europe-west4/backends/wotohe/builds/build-2025-08-28-001","verb":"create","requestedCancellation":false,"apiVersion":"v1beta"},"done":false}
[debug] [2025-08-28T20:26:19.417Z] [create-wotohe-b06a0-europe-west4-backend-wotohe-build-build-2025-08-28-001] Retrying task index 0
[debug] [2025-08-28T20:26:19.417Z] Checked if tokens are valid: true, expires at: 1756416358841
[debug] [2025-08-28T20:26:19.418Z] Checked if tokens are valid: true, expires at: 1756416358841
[debug] [2025-08-28T20:26:19.418Z] >>> [apiv2][query] GET https://firebaseapphosting.googleapis.com/v1beta/projects/wotohe-b06a0/locations/europe-west4/operations/operation-1756412771113-63d72b74d1a2e-0a184227-14a95daf [none]
[debug] [2025-08-28T20:26:19.507Z] <<< [apiv2][status] GET https://firebaseapphosting.googleapis.com/v1beta/projects/wotohe-b06a0/locations/europe-west4/operations/operation-1756412771113-63d72b74d1a2e-0a184227-14a95daf 200
[debug] [2025-08-28T20:26:19.507Z] <<< [apiv2][body] GET https://firebaseapphosting.googleapis.com/v1beta/projects/wotohe-b06a0/locations/europe-west4/operations/operation-1756412771113-63d72b74d1a2e-0a184227-14a95daf {"name":"projects/wotohe-b06a0/locations/europe-west4/operations/operation-1756412771113-63d72b74d1a2e-0a184227-14a95daf","metadata":{"@type":"type.googleapis.com/google.firebase.apphosting.v1beta.OperationMetadata","createTime":"2025-08-28T20:26:11.151009466Z","target":"projects/wotohe-b06a0/locations/europe-west4/backends/wotohe/builds/build-2025-08-28-001","verb":"create","requestedCancellation":false,"apiVersion":"v1beta"},"done":false}
[debug] [2025-08-28T20:26:27.508Z] [create-wotohe-b06a0-europe-west4-backend-wotohe-build-build-2025-08-28-001] Retrying task index 0
[debug] [2025-08-28T20:26:27.508Z] Checked if tokens are valid: true, expires at: 1756416358841
[debug] [2025-08-28T20:26:27.508Z] Checked if tokens are valid: true, expires at: 1756416358841
[debug] [2025-08-28T20:26:27.508Z] >>> [apiv2][query] GET https://firebaseapphosting.googleapis.com/v1beta/projects/wotohe-b06a0/locations/europe-west4/operations/operation-1756412771113-63d72b74d1a2e-0a184227-14a95daf [none]
[debug] [2025-08-28T20:26:27.710Z] <<< [apiv2][status] GET https://firebaseapphosting.googleapis.com/v1beta/projects/wotohe-b06a0/locations/europe-west4/operations/operation-1756412771113-63d72b74d1a2e-0a184227-14a95daf 200
[debug] [2025-08-28T20:26:27.711Z] <<< [apiv2][body] GET https://firebaseapphosting.googleapis.com/v1beta/projects/wotohe-b06a0/locations/europe-west4/operations/operation-1756412771113-63d72b74d1a2e-0a184227-14a95daf {"name":"projects/wotohe-b06a0/locations/europe-west4/operations/operation-1756412771113-63d72b74d1a2e-0a184227-14a95daf","metadata":{"@type":"type.googleapis.com/google.firebase.apphosting.v1beta.OperationMetadata","createTime":"2025-08-28T20:26:11.151009466Z","target":"projects/wotohe-b06a0/locations/europe-west4/backends/wotohe/builds/build-2025-08-28-001","verb":"create","requestedCancellation":false,"apiVersion":"v1beta"},"done":false}
[debug] [2025-08-28T20:26:37.711Z] [create-wotohe-b06a0-europe-west4-backend-wotohe-build-build-2025-08-28-001] Retrying task index 0
[debug] [2025-08-28T20:26:37.712Z] Checked if tokens are valid: true, expires at: 1756416358841
[debug] [2025-08-28T20:26:37.712Z] Checked if tokens are valid: true, expires at: 1756416358841
[debug] [2025-08-28T20:26:37.712Z] >>> [apiv2][query] GET https://firebaseapphosting.googleapis.com/v1beta/projects/wotohe-b06a0/locations/europe-west4/operations/operation-1756412771113-63d72b74d1a2e-0a184227-14a95daf [none]
[debug] [2025-08-28T20:26:37.921Z] <<< [apiv2][status] GET https://firebaseapphosting.googleapis.com/v1beta/projects/wotohe-b06a0/locations/europe-west4/operations/operation-1756412771113-63d72b74d1a2e-0a184227-14a95daf 200
[debug] [2025-08-28T20:26:37.921Z] <<< [apiv2][body] GET https://firebaseapphosting.googleapis.com/v1beta/projects/wotohe-b06a0/locations/europe-west4/operations/operation-1756412771113-63d72b74d1a2e-0a184227-14a95daf {"name":"projects/wotohe-b06a0/locations/europe-west4/operations/operation-1756412771113-63d72b74d1a2e-0a184227-14a95daf","metadata":{"@type":"type.googleapis.com/google.firebase.apphosting.v1beta.OperationMetadata","createTime":"2025-08-28T20:26:11.151009466Z","target":"projects/wotohe-b06a0/locations/europe-west4/backends/wotohe/builds/build-2025-08-28-001","verb":"create","requestedCancellation":false,"apiVersion":"v1beta"},"done":false}
[debug] [2025-08-28T20:26:47.922Z] [create-wotohe-b06a0-europe-west4-backend-wotohe-build-build-2025-08-28-001] Retrying task index 0
[debug] [2025-08-28T20:26:47.922Z] Checked if tokens are valid: true, expires at: 1756416358841
[debug] [2025-08-28T20:26:47.922Z] Checked if tokens are valid: true, expires at: 1756416358841
[debug] [2025-08-28T20:26:47.922Z] >>> [apiv2][query] GET https://firebaseapphosting.googleapis.com/v1beta/projects/wotohe-b06a0/locations/europe-west4/operations/operation-1756412771113-63d72b74d1a2e-0a184227-14a95daf [none]
[debug] [2025-08-28T20:26:48.164Z] <<< [apiv2][status] GET https://firebaseapphosting.googleapis.com/v1beta/projects/wotohe-b06a0/locations/europe-west4/operations/operation-1756412771113-63d72b74d1a2e-0a184227-14a95daf 200
[debug] [2025-08-28T20:26:48.164Z] <<< [apiv2][body] GET https://firebaseapphosting.googleapis.com/v1beta/projects/wotohe-b06a0/locations/europe-west4/operations/operation-1756412771113-63d72b74d1a2e-0a184227-14a95daf {"name":"projects/wotohe-b06a0/locations/europe-west4/operations/operation-1756412771113-63d72b74d1a2e-0a184227-14a95daf","metadata":{"@type":"type.googleapis.com/google.firebase.apphosting.v1beta.OperationMetadata","createTime":"2025-08-28T20:26:11.151009466Z","target":"projects/wotohe-b06a0/locations/europe-west4/backends/wotohe/builds/build-2025-08-28-001","verb":"create","requestedCancellation":false,"apiVersion":"v1beta"},"done":false}
